  Using bundled DotNet SDK
  Log file: C:\Users\Vitaly\AppData\Local\UnrealBuildTool\Log.txt
  Using 'git status' to determine working set for adaptive non-unity build (D:\UnrealProject\Battletank).
  Invalidating makefile for battletankEditor (working set of source files changed)
  Parsing headers for battletankEditor
    Running UnrealHeaderTool "D:\UnrealProject\Battletank\battletank\battletank.uproject" "D:\UnrealProject\Battletank\battletank\Intermediate\Build\Win64\battletankEditor\Development\battletankEditor.uhtmanifest" -LogCmds="loginit warning, logexit warning, logdatabase error" -Unattended -WarningsAsErrors -abslog="C:\Users\Vitaly\AppData\Local\UnrealBuildTool\Log_UHT.txt" -installed
  Reflection code generated for battletankEditor in 1,4033574 seconds
  Building battletankEditor...
  Using Visual Studio 2022 14.30.30706 toolchain (C:\Program Files\Microsoft Visual Studio\2022\Community\VC\Tools\MSVC\14.30.30705) and Windows 10.0.19041.0 SDK (C:\Program Files (x86)\Windows Kits\10).
  [Adaptive Build] Excluded from battletank unity file: TankPawn.cpp, TankPlayerController.cpp
  Determining max actions to execute in parallel (6 physical cores, 12 logical cores)
    Executing up to 6 processes, one per physical core
    Requested 1,5 GB free memory per action, 8,29 GB available: limiting max parallel actions to 5
  Building 8 actions with 5 processes...
  [1/8] Compile battletank.init.gen.cpp
  [2/8] Compile TankPlayerController.gen.cpp
  [3/8] Compile TankPawn.gen.cpp
  [4/8] Compile TankPawn.cpp
  [5/8] Compile TankPlayerController.cpp
  [6/8] Link UnrealEditor-battletank.lib
     Создается библиотека D:\UnrealProject\Battletank\battletank\Intermediate\Build\Win64\UnrealEditor\Development\battletank\UnrealEditor-battletank.lib и объект D:\UnrealProject\Battletank\battletank\Intermediate\Build\Win64\UnrealEditor\Development\battletank\UnrealEditor-battletank.exp
  [7/8] Link UnrealEditor-battletank.dll
     Создается библиотека D:\UnrealProject\Battletank\battletank\Intermediate\Build\Win64\UnrealEditor\Development\battletank\UnrealEditor-battletank.suppressed.lib и объект D:\UnrealProject\Battletank\battletank\Intermediate\Build\Win64\UnrealEditor\Development\battletank\UnrealEditor-battletank.suppressed.exp
  [8/8] WriteMetadata battletankEditor.target
  Total time in Parallel executor: 322,47 seconds
  Total execution time: 326,39 seconds
